<?xml version="1.0" encoding="UTF-8"?>
<!-- Generated by org.testng.reporters.JUnitReportReporter -->
<testsuite hostname="Ninad-LAPTOP" failures="0" tests="3" name="awesomecucumber.runners.MyTestNGRunnerTest" time="29.265" errors="0" timestamp="2024-04-16T15:37:07 IST" skipped="0">
  <testcase classname="awesomecucumber.runners.MyTestNGRunnerTest" name="runScenario" time="7.595"/>
  <testcase classname="awesomecucumber.runners.MyTestNGRunnerTest" name="runScenario" time="8.453"/>
  <testcase classname="awesomecucumber.runners.MyTestNGRunnerTest" name="runScenario" time="13.217"/>
</testsuite> <!-- awesomecucumber.runners.MyTestNGRunnerTest -->
